<?xml version="1.0" encoding="UTF-8"?>
<testng-results skipped="0" failed="0" total="1" passed="1">
  <reporter-output>
  </reporter-output>
  <suite name="TestApi" duration-ms="144" started-at="2017-03-16T03:51:15Z" finished-at="2017-03-16T03:51:15Z">
    <groups>
    </groups>
    <test name="Command line test" duration-ms="144" started-at="2017-03-16T03:51:15Z" finished-at="2017-03-16T03:51:15Z">
      <class name="TestApi">
        <test-method status="PASS" signature="testMD5()[pri:0, instance:TestApi@2f7c7260]" name="testMD5" duration-ms="127" started-at="2017-03-16T11:51:15Z" finished-at="2017-03-16T11:51:15Z">
          <reporter-output>
          </reporter-output>
        </test-method> <!-- testMD5 -->
      </class> <!-- TestApi -->
    </test> <!-- Command line test -->
  </suite> <!-- TestApi -->
</testng-results>
